info it worked if it ends with ok
verbose cli [ 'node', '/usr/local/bin/npm', 'test' ]
info using npm@1.1.4
info using node@v0.6.6
verbose /usr/local/bin/node node symlink
verbose config file /Users/james/.npmrc
verbose config file /usr/local/etc/npmrc
verbose config file /usr/local/lib/node_modules/npm/npmrc
ERR! Error: ENOENT, no such file or directory '/Users/james/Projects/isolate/src/package.json'
ERR! You may report this log at:
ERR!     <http://github.com/isaacs/npm/issues>
ERR! or email it to:
ERR!     <npm-@googlegroups.com>
ERR! 
ERR! System Darwin 11.3.0
ERR! command "node" "/usr/local/bin/npm" "test"
ERR! cwd /Users/james/Projects/isolate/src
ERR! node -v v0.6.6
ERR! npm -v 1.1.4
ERR! path /Users/james/Projects/isolate/src/package.json
ERR! code ENOENT
ERR! message ENOENT, no such file or directory '/Users/james/Projects/isolate/src/package.json'
ERR! errno {}
verbose exit [ 1, true ]
